TN:
SF:src/app/config.js
FN:1,parseAllowedPathPrefixes
FN:18,parseTrustedHeaders
FN:37,parseBaseUrlPort
FN:59,parseBaseUrlProtocol
FN:76,parseBooleanFlag
FN:93,parseRuntimeConfig
FNF:6
FNH:6
FNDA:19,parseAllowedPathPrefixes
FNDA:19,parseTrustedHeaders
FNDA:20,parseBaseUrlPort
FNDA:19,parseBaseUrlProtocol
FNDA:18,parseBooleanFlag
FNDA:17,parseRuntimeConfig
DA:1,19
DA:2,19
DA:3,2
DA:4,2
DA:5,17
DA:6,17
DA:7,17
DA:8,17
DA:9,17
DA:10,17
DA:11,19
DA:12,1
DA:13,1
DA:14,16
DA:15,16
DA:16,19
DA:17,2
DA:18,19
DA:19,19
DA:20,1
DA:21,1
DA:22,18
DA:23,18
DA:24,19
DA:25,1
DA:26,1
DA:27,17
DA:28,17
DA:29,131
DA:30,17
DA:31,17
DA:32,114
DA:33,114
DA:34,17
DA:35,19
DA:36,2
DA:37,20
DA:38,20
DA:39,1
DA:40,1
DA:41,19
DA:42,19
DA:43,20
DA:44,1
DA:45,1
DA:46,18
DA:47,20
DA:48,1
DA:49,1
DA:50,17
DA:51,17
DA:52,20
DA:53,1
DA:54,1
DA:55,16
DA:56,16
DA:57,20
DA:58,2
DA:59,19
DA:60,19
DA:61,1
DA:62,1
DA:63,18
DA:64,18
DA:65,19
DA:66,1
DA:67,1
DA:68,17
DA:69,19
DA:70,1
DA:71,1
DA:72,16
DA:73,16
DA:74,19
DA:75,2
DA:76,18
DA:77,18
DA:78,13
DA:79,13
DA:80,5
DA:81,5
DA:82,6
DA:83,3
DA:84,3
DA:85,2
DA:86,5
DA:87,1
DA:88,1
DA:89,1
DA:90,1
DA:91,18
DA:92,2
DA:93,17
DA:94,17
DA:95,17
DA:96,17
DA:97,17
DA:98,1
DA:99,1
DA:100,16
DA:101,16
DA:102,16
DA:103,16
DA:104,16
DA:105,16
DA:106,16
DA:107,16
DA:108,16
DA:109,17
DA:110,2
DA:111,2
DA:112,2
DA:113,2
DA:114,2
DA:115,2
DA:116,2
DA:117,2
DA:118,2
LF:118
LH:118
BRDA:1,0,0,2
BRDA:1,1,0,19
BRDA:2,2,0,17
BRDA:2,3,0,2
BRDA:5,4,0,17
BRDA:11,5,0,1
BRDA:14,6,0,16
BRDA:8,7,0,19
BRDA:18,8,0,19
BRDA:19,9,0,1
BRDA:22,10,0,18
BRDA:24,11,0,17
BRDA:24,12,0,17
BRDA:24,13,0,1
BRDA:28,14,0,131
BRDA:29,15,0,17
BRDA:32,16,0,114
BRDA:37,17,0,20
BRDA:38,18,0,19
BRDA:38,19,0,1
BRDA:41,20,0,19
BRDA:43,21,0,1
BRDA:46,22,0,18
BRDA:47,23,0,1
BRDA:50,24,0,17
BRDA:52,25,0,1
BRDA:55,26,0,16
BRDA:59,27,0,19
BRDA:60,28,0,18
BRDA:60,29,0,1
BRDA:63,30,0,18
BRDA:65,31,0,1
BRDA:68,32,0,17
BRDA:69,33,0,3
BRDA:69,34,0,1
BRDA:72,35,0,16
BRDA:76,36,0,18
BRDA:77,37,0,5
BRDA:77,38,0,5
BRDA:77,39,0,13
BRDA:80,40,0,6
BRDA:80,41,0,5
BRDA:82,42,0,3
BRDA:85,43,0,5
BRDA:85,44,0,2
BRDA:86,45,0,1
BRDA:93,46,0,17
BRDA:97,47,0,1
BRDA:100,48,0,16
BRF:49
BRH:49
end_of_record
TN:
SF:src/app/eventHandler.js
FN:25,logError
FN:33,selectInboundHeadersForLog
FN:42,matchesAllowedPathPrefix
FN:49,isAllowedPath
FN:57,validatePathForForward
FN:84,deriveBaseUrlFromHost
FN:109,createHandler
FN:116,raddPrivateProxyHandler
FN:203,handleEvent
FNF:9
FNH:9
FNDA:2,logError
FNDA:13,selectInboundHeadersForLog
FNDA:11,matchesAllowedPathPrefix
FNDA:11,isAllowedPath
FNDA:16,validatePathForForward
FNDA:10,deriveBaseUrlFromHost
FNDA:16,createHandler
FNDA:13,raddPrivateProxyHandler
FNDA:1,handleEvent
DA:1,1
DA:2,1
DA:3,1
DA:4,1
DA:5,1
DA:6,1
DA:7,1
DA:8,1
DA:9,1
DA:10,1
DA:11,1
DA:12,1
DA:13,1
DA:14,1
DA:15,1
DA:16,1
DA:17,1
DA:18,1
DA:19,1
DA:20,1
DA:21,1
DA:22,1
DA:23,1
DA:24,1
DA:25,2
DA:26,2
DA:27,2
DA:28,2
DA:29,2
DA:30,2
DA:31,2
DA:32,1
DA:33,13
DA:34,13
DA:35,91
DA:36,23
DA:37,23
DA:38,91
DA:39,13
DA:40,13
DA:41,1
DA:42,11
DA:43,11
DA:44,11
DA:45,11
DA:46,11
DA:47,11
DA:48,1
DA:49,11
DA:50,11
DA:51,1
DA:52,1
DA:53,10
DA:54,10
DA:55,11
DA:56,1
DA:57,16
DA:58,16
DA:59,1
DA:60,1
DA:61,15
DA:62,16
DA:63,82
DA:64,15
DA:65,15
DA:66,67
DA:67,67
DA:68,67
DA:69,67
DA:70,82
DA:71,0
DA:72,0
DA:73,67
DA:74,82
DA:75,2
DA:76,2
DA:77,65
DA:78,82
DA:79,1
DA:80,1
DA:81,82
DA:82,16
DA:83,1
DA:84,10
DA:85,10
DA:86,1
DA:87,1
DA:88,9
DA:89,9
DA:90,9
DA:91,9
DA:92,10
DA:93,1
DA:94,1
DA:95,8
DA:96,8
DA:97,8
DA:98,10
DA:99,1
DA:100,1
DA:101,7
DA:102,10
DA:103,1
DA:104,1
DA:105,6
DA:106,6
DA:107,10
DA:108,1
DA:109,16
DA:110,16
DA:111,0
DA:112,0
DA:113,16
DA:114,16
DA:115,16
DA:116,16
DA:117,13
DA:118,13
DA:119,13
DA:120,13
DA:121,13
DA:122,13
DA:123,13
DA:124,13
DA:125,13
DA:126,13
DA:127,13
DA:128,13
DA:129,1
DA:130,1
DA:131,1
DA:132,1
DA:133,1
DA:134,1
DA:135,1
DA:136,1
DA:137,1
DA:138,13
DA:139,13
DA:140,13
DA:141,13
DA:142,2
DA:143,2
DA:144,2
DA:145,2
DA:146,2
DA:147,11
DA:148,13
DA:149,1
DA:150,1
DA:151,1
DA:152,1
DA:153,1
DA:154,10
DA:155,10
DA:156,10
DA:157,10
DA:158,13
DA:159,2
DA:160,2
DA:161,2
DA:162,2
DA:163,2
DA:164,8
DA:165,8
DA:166,8
DA:167,8
DA:168,8
DA:169,8
DA:170,8
DA:171,8
DA:172,8
DA:173,8
DA:174,8
DA:175,8
DA:176,8
DA:177,8
DA:178,13
DA:179,13
DA:180,13
DA:181,13
DA:182,13
DA:183,13
DA:184,13
DA:185,13
DA:186,13
DA:187,13
DA:188,13
DA:189,13
DA:190,13
DA:191,13
DA:192,13
DA:193,13
DA:194,13
DA:195,0
DA:196,0
DA:197,0
DA:198,0
DA:199,0
DA:200,16
DA:201,16
DA:202,1
DA:203,1
DA:204,1
DA:205,1
DA:206,1
DA:207,0
DA:208,1
DA:209,1
DA:210,1
DA:211,1
DA:212,1
DA:213,1
DA:214,1
DA:215,1
DA:216,1
DA:217,1
LF:217
LH:207
BRDA:1,0,0,1
BRDA:25,1,0,2
BRDA:33,2,0,13
BRDA:34,3,0,91
BRDA:35,4,0,23
BRDA:42,5,0,11
BRDA:43,6,0,0
BRDA:49,7,0,11
BRDA:50,8,0,1
BRDA:53,9,0,10
BRDA:54,10,0,11
BRDA:57,11,0,16
BRDA:58,12,0,1
BRDA:61,13,0,15
BRDA:62,14,0,82
BRDA:63,15,0,15
BRDA:66,16,0,67
BRDA:70,17,0,0
BRDA:73,18,0,67
BRDA:74,19,0,2
BRDA:77,20,0,65
BRDA:78,21,0,64
BRDA:78,22,0,1
BRDA:82,23,0,12
BRDA:84,24,0,10
BRDA:85,25,0,1
BRDA:88,26,0,9
BRDA:92,27,0,1
BRDA:95,28,0,8
BRDA:98,29,0,7
BRDA:98,30,0,1
BRDA:101,31,0,7
BRDA:102,32,0,1
BRDA:102,33,0,1
BRDA:105,34,0,6
BRDA:109,35,0,16
BRDA:110,36,0,0
BRDA:116,37,0,13
BRDA:117,38,0,0
BRDA:118,39,0,0
BRDA:128,40,0,1
BRDA:133,41,0,0
BRDA:134,42,0,0
BRDA:141,43,0,2
BRDA:147,44,0,11
BRDA:148,45,0,1
BRDA:154,46,0,10
BRDA:158,47,0,2
BRDA:164,48,0,8
BRDA:178,49,0,0
BRDA:189,50,0,8
BRDA:189,51,0,0
BRDA:194,52,0,0
BRDA:203,53,0,1
BRDA:207,54,0,0
BRF:55
BRH:44
end_of_record
TN:
SF:src/app/http.js
FN:16,serializeHeaderValues
FN:28,appendHeaderValue
FN:40,collectHeaders
FN:58,buildForwardHeaders
FN:78,buildQueryString
FN:101,buildRequestBody
FN:113,isTextualResponse
FN:121,buildAlbResponse
FN:141,filterResponseHeaders
FNF:9
FNH:9
FNDA:3,serializeHeaderValues
FNDA:15,appendHeaderValue
FNDA:15,collectHeaders
FNDA:9,buildForwardHeaders
FNDA:10,buildQueryString
FNDA:10,buildRequestBody
FNDA:10,isTextualResponse
FNDA:14,buildAlbResponse
FNDA:10,filterResponseHeaders
DA:1,2
DA:2,2
DA:3,2
DA:4,2
DA:5,2
DA:6,2
DA:7,2
DA:8,2
DA:9,2
DA:10,2
DA:11,2
DA:12,2
DA:13,2
DA:14,2
DA:15,2
DA:16,3
DA:17,3
DA:18,3
DA:19,3
DA:20,3
DA:21,3
DA:22,1
DA:23,1
DA:24,2
DA:25,2
DA:26,3
DA:27,2
DA:28,15
DA:29,15
DA:30,0
DA:31,0
DA:32,15
DA:33,15
DA:34,15
DA:35,13
DA:36,13
DA:37,15
DA:38,15
DA:39,2
DA:40,15
DA:41,15
DA:42,15
DA:43,15
DA:44,38
DA:45,38
DA:46,38
DA:47,38
DA:48,15
DA:49,15
DA:50,3
DA:51,3
DA:52,3
DA:53,3
DA:54,15
DA:55,15
DA:56,15
DA:57,2
DA:58,9
DA:59,9
DA:60,9
DA:61,9
DA:62,9
DA:63,29
DA:64,29
DA:65,20
DA:66,20
DA:67,9
DA:68,9
DA:69,9
DA:70,9
DA:71,58
DA:72,58
DA:73,9
DA:74,9
DA:75,9
DA:76,9
DA:77,2
DA:78,10
DA:79,10
DA:80,10
DA:81,10
DA:82,2
DA:83,4
DA:84,5
DA:85,5
DA:86,5
DA:87,5
DA:88,4
DA:89,10
DA:90,8
DA:91,8
DA:92,8
DA:93,8
DA:94,8
DA:95,8
DA:96,10
DA:97,10
DA:98,10
DA:99,10
DA:100,2
DA:101,10
DA:102,10
DA:103,1
DA:104,1
DA:105,9
DA:106,9
DA:107,1
DA:108,1
DA:109,8
DA:110,8
DA:111,10
DA:112,2
DA:113,10
DA:114,10
DA:115,10
DA:116,10
DA:117,10
DA:118,10
DA:119,10
DA:120,2
DA:121,14
DA:122,14
DA:123,14
DA:124,14
DA:125,15
DA:126,9
DA:127,15
DA:128,6
DA:129,6
DA:130,15
DA:131,14
DA:132,14
DA:133,14
DA:134,14
DA:135,14
DA:136,14
DA:137,14
DA:138,14
DA:139,14
DA:140,2
DA:141,10
DA:142,10
DA:143,10
DA:144,10
DA:145,10
DA:146,10
DA:147,10
DA:148,12
DA:149,12
DA:150,0
DA:151,0
DA:152,12
DA:153,12
DA:154,11
DA:155,11
DA:156,10
DA:157,10
DA:158,10
DA:159,4
DA:160,4
DA:161,10
DA:162,10
DA:163,10
DA:164,2
DA:165,2
DA:166,2
DA:167,2
DA:168,2
DA:169,2
DA:170,2
DA:171,2
DA:172,2
DA:173,2
LF:173
LH:169
BRDA:1,0,0,2
BRDA:16,1,0,3
BRDA:21,2,0,1
BRDA:24,3,0,2
BRDA:18,4,0,6
BRDA:28,5,0,15
BRDA:29,6,0,0
BRDA:34,7,0,13
BRDA:40,8,0,15
BRDA:43,9,0,1
BRDA:43,10,0,38
BRDA:49,11,0,13
BRDA:49,12,0,3
BRDA:58,13,0,9
BRDA:62,14,0,29
BRDA:64,15,0,18
BRDA:64,16,0,20
BRDA:67,17,0,9
BRDA:70,18,0,58
BRDA:78,19,0,10
BRDA:81,20,0,2
BRDA:82,21,0,4
BRDA:83,22,0,0
BRDA:83,23,0,5
BRDA:89,24,0,8
BRDA:98,25,0,0
BRDA:101,26,0,10
BRDA:102,27,0,9
BRDA:102,28,0,9
BRDA:102,29,0,9
BRDA:102,30,0,1
BRDA:106,31,0,1
BRDA:109,32,0,8
BRDA:113,33,0,10
BRDA:114,34,0,0
BRDA:114,35,0,0
BRDA:116,36,0,1
BRDA:117,37,0,1
BRDA:121,38,0,14
BRDA:124,39,0,15
BRDA:125,40,0,9
BRDA:125,41,0,9
BRDA:127,42,0,6
BRDA:134,43,0,0
BRDA:141,44,0,10
BRDA:145,45,0,0
BRDA:158,46,0,4
BRDA:147,47,0,12
BRDA:149,48,0,0
BRDA:149,49,0,0
BRDA:153,50,0,11
BRF:51
BRH:42
end_of_record
